<?xml version="1.0" encoding="UTF-8"?>
<testsuites name="Amazon_TestSuite_ValidateSearchFieldItem_002" time="44.828" tests="1" failures="0" errors="0">
   <testsuite name="Amazon_TestSuite_ValidateSearchFieldItem_002" tests="1" failures="0" errors="0" time="44.828" skipped="0" timestamp="26-01-2024T03:36:07" hostname="faish - 192.168.1.5" id="Test Suites/Amazon_TestSuite/Amazon_TestSuite_ValidateSearchFieldItem_002">
      <properties>
         <property name="deviceName" value=""/>
         <property name="devicePlatform" value=""/>
         <property name="logFolder" value="C:\\Users\\faish\\Katalon Studio\\Software Automation Testing With Katalon\\Reports\\20240126_033551\\Amazon_TestSuite\\Amazon_TestSuite_ValidateSearchFieldItem_002\\20240126_033554"/>
         <property name="logFiles" value="C:\\Users\\faish\\Katalon Studio\\Software Automation Testing With Katalon\\Reports\\20240126_033551\\Amazon_TestSuite\\Amazon_TestSuite_ValidateSearchFieldItem_002\\20240126_033554\\execution0.log"/>
         <property name="attachments" value=""/>
         <property name="hostName" value="faish - 192.168.1.5"/>
         <property name="os" value="Windows 11 64bit"/>
         <property name="katalonVersion" value="9.2.0.212"/>
         <property name="browser" value="Edge Chromium 120"/>
         <property name="hostAddress" value="192.168.1.5"/>
         <property name="sessionId" value="e9ed0d361f1a1bdb904c5493f910b5ea"/>
         <property name="seleniumVersion" value="3.141.59"/>
         <property name="proxyInformation" value="ProxyInformation { proxyOption=NO_PROXY, proxyServerType=HTTP, username=, password=********, proxyServerAddress=, proxyServerPort=0, executionList=&quot;&quot;, isApplyToDesiredCapabilities=true }"/>
         <property name="platform" value="Windows 11"/>
      </properties>
      <testcase name="Test Cases/Amazon/TC_Amazon_ValidateSearchFieldItem_002" time="44.624" classname="Test Cases/Amazon/TC_Amazon_ValidateSearchFieldItem_002" status="PASSED">
         <system-out><![CDATA[26-01-2024T03:36:07 - [TEST_CASE][PASSED] - Test Cases/Amazon/TC_Amazon_ValidateSearchFieldItem_002: Test Cases/Amazon/TC_Amazon_ValidateSearchFieldItem_002

26-01-2024T03:36:07 - [TEST_STEP][PASSED] - openBrowser(""): Browser is opened with url: ''

26-01-2024T03:36:08 - [MESSAGE][INFO] - Starting 'Edge Chromium' driver

26-01-2024T03:36:08 - [MESSAGE][INFO] - Action delay is set to 0 milliseconds

26-01-2024T03:36:10 - [MESSAGE][PASSED] - Browser is opened with url: ''

26-01-2024T03:36:10 - [TEST_STEP][PASSED] - navigateToUrl("https://www.amazon.com/"): Navigate to 'https://www.amazon.com/' successfully

26-01-2024T03:36:15 - [MESSAGE][PASSED] - Navigate to 'https://www.amazon.com/' successfully

26-01-2024T03:36:15 - [TEST_STEP][PASSED] - selectOptionByValue(findTestObject("Object Repository/Amazon_ValidateSearchFieldItem_OR/Page_Amazon.com. Spend less. Smile more/select_All Departments        Arts  Crafts _135c92"), "search-alias=stripbooks-intl-ship", true): All options with value 'search-alias=stripbooks-intl-ship' are selected in object 'Object Repository/Amazon_ValidateSearchFieldItem_OR/Page_Amazon.com. Spend less. Smile more/select_All Departments        Arts  Crafts _135c92'  using regular expression

26-01-2024T03:36:19 - [MESSAGE][PASSED] - All options with value 'search-alias=stripbooks-intl-ship' are selected in object 'Object Repository/Amazon_ValidateSearchFieldItem_OR/Page_Amazon.com. Spend less. Smile more/select_All Departments        Arts  Crafts _135c92'  using regular expression

26-01-2024T03:36:19 - [TEST_STEP][PASSED] - setText(findTestObject("Object Repository/Amazon_ValidateSearchFieldItem_OR/Page_Amazon.com. Spend less. Smile more/input_Search Amazon_field-keywords"), "da vinci code"): Text 'da vinci code' is set on object 'Object Repository/Amazon_ValidateSearchFieldItem_OR/Page_Amazon.com. Spend less. Smile more/input_Search Amazon_field-keywords'

26-01-2024T03:36:21 - [MESSAGE][PASSED] - Text 'da vinci code' is set on object 'Object Repository/Amazon_ValidateSearchFieldItem_OR/Page_Amazon.com. Spend less. Smile more/input_Search Amazon_field-keywords'

26-01-2024T03:36:21 - [TEST_STEP][PASSED] - click(findTestObject("Object Repository/Amazon_ValidateSearchFieldItem_OR/Page_Amazon.com. Spend less. Smile more/input_Search Amazon_nav-search-submit-button")): Object: 'Object Repository/Amazon_ValidateSearchFieldItem_OR/Page_Amazon.com. Spend less. Smile more/input_Search Amazon_nav-search-submit-button' is clicked on

26-01-2024T03:36:25 - [MESSAGE][PASSED] - Object: 'Object Repository/Amazon_ValidateSearchFieldItem_OR/Page_Amazon.com. Spend less. Smile more/input_Search Amazon_nav-search-submit-button' is clicked on

26-01-2024T03:36:25 - [TEST_STEP][PASSED] - selectOptionByValue(findTestObject("Object Repository/Amazon_ValidateSearchFieldItem_OR/Page_Amazon.com  da vinci code/select_All Departments        Arts  Crafts _135c92"), "search-alias=electronics-intl-ship", true): All options with value 'search-alias=electronics-intl-ship' are selected in object 'Object Repository/Amazon_ValidateSearchFieldItem_OR/Page_Amazon.com  da vinci code/select_All Departments        Arts  Crafts _135c92'  using regular expression

26-01-2024T03:36:27 - [MESSAGE][PASSED] - All options with value 'search-alias=electronics-intl-ship' are selected in object 'Object Repository/Amazon_ValidateSearchFieldItem_OR/Page_Amazon.com  da vinci code/select_All Departments        Arts  Crafts _135c92'  using regular expression

26-01-2024T03:36:27 - [TEST_STEP][PASSED] - setText(findTestObject("Object Repository/Amazon_ValidateSearchFieldItem_OR/Page_Amazon.com  da vinci code/input_Search Amazon_field-keywords"), "Mobile phones"): Text 'Mobile phones' is set on object 'Object Repository/Amazon_ValidateSearchFieldItem_OR/Page_Amazon.com  da vinci code/input_Search Amazon_field-keywords'

26-01-2024T03:36:28 - [MESSAGE][PASSED] - Text 'Mobile phones' is set on object 'Object Repository/Amazon_ValidateSearchFieldItem_OR/Page_Amazon.com  da vinci code/input_Search Amazon_field-keywords'

26-01-2024T03:36:28 - [TEST_STEP][PASSED] - click(findTestObject("Object Repository/Amazon_ValidateSearchFieldItem_OR/Page_Amazon.com  da vinci code/input_Search Amazon_nav-search-submit-button")): Object: 'Object Repository/Amazon_ValidateSearchFieldItem_OR/Page_Amazon.com  da vinci code/input_Search Amazon_nav-search-submit-button' is clicked on

26-01-2024T03:36:34 - [MESSAGE][PASSED] - Object: 'Object Repository/Amazon_ValidateSearchFieldItem_OR/Page_Amazon.com  da vinci code/input_Search Amazon_nav-search-submit-button' is clicked on

26-01-2024T03:36:34 - [TEST_STEP][PASSED] - selectOptionByValue(findTestObject("Object Repository/Amazon_ValidateSearchFieldItem_OR/Page_Amazon.com  Mobile phones/select_Electronics        All Departments  _28d51a"), "search-alias=aps", true): All options with value 'search-alias=aps' are selected in object 'Object Repository/Amazon_ValidateSearchFieldItem_OR/Page_Amazon.com  Mobile phones/select_Electronics        All Departments  _28d51a'  using regular expression

26-01-2024T03:36:37 - [MESSAGE][PASSED] - All options with value 'search-alias=aps' are selected in object 'Object Repository/Amazon_ValidateSearchFieldItem_OR/Page_Amazon.com  Mobile phones/select_Electronics        All Departments  _28d51a'  using regular expression

26-01-2024T03:36:37 - [TEST_STEP][PASSED] - setText(findTestObject("Object Repository/Amazon_ValidateSearchFieldItem_OR/Page_Amazon.com  Mobile phones/input_Search Amazon_field-keywords"), "Washing Machines"): Text 'Washing Machines' is set on object 'Object Repository/Amazon_ValidateSearchFieldItem_OR/Page_Amazon.com  Mobile phones/input_Search Amazon_field-keywords'

26-01-2024T03:36:38 - [MESSAGE][PASSED] - Text 'Washing Machines' is set on object 'Object Repository/Amazon_ValidateSearchFieldItem_OR/Page_Amazon.com  Mobile phones/input_Search Amazon_field-keywords'

26-01-2024T03:36:38 - [TEST_STEP][PASSED] - click(findTestObject("Object Repository/Amazon_ValidateSearchFieldItem_OR/Page_Amazon.com  Mobile phones/input_Search Amazon_nav-search-submit-button")): Object: 'Object Repository/Amazon_ValidateSearchFieldItem_OR/Page_Amazon.com  Mobile phones/input_Search Amazon_nav-search-submit-button' is clicked on

26-01-2024T03:36:43 - [MESSAGE][PASSED] - Object: 'Object Repository/Amazon_ValidateSearchFieldItem_OR/Page_Amazon.com  Mobile phones/input_Search Amazon_nav-search-submit-button' is clicked on

26-01-2024T03:36:43 - [TEST_STEP][PASSED] - setText(findTestObject("Object Repository/Amazon_ValidateSearchFieldItem_OR/Page_Amazon.com  Washing Machines/input_Search Amazon_field-keywords"), "Wooden Tables"): Text 'Wooden Tables' is set on object 'Object Repository/Amazon_ValidateSearchFieldItem_OR/Page_Amazon.com  Washing Machines/input_Search Amazon_field-keywords'

26-01-2024T03:36:45 - [MESSAGE][PASSED] - Text 'Wooden Tables' is set on object 'Object Repository/Amazon_ValidateSearchFieldItem_OR/Page_Amazon.com  Washing Machines/input_Search Amazon_field-keywords'

26-01-2024T03:36:45 - [TEST_STEP][PASSED] - click(findTestObject("Object Repository/Amazon_ValidateSearchFieldItem_OR/Page_Amazon.com  Washing Machines/input_Search Amazon_nav-search-submit-button")): Object: 'Object Repository/Amazon_ValidateSearchFieldItem_OR/Page_Amazon.com  Washing Machines/input_Search Amazon_nav-search-submit-button' is clicked on

26-01-2024T03:36:51 - [MESSAGE][PASSED] - Object: 'Object Repository/Amazon_ValidateSearchFieldItem_OR/Page_Amazon.com  Washing Machines/input_Search Amazon_nav-search-submit-button' is clicked on

26-01-2024T03:36:51 - [TEST_STEP][PASSED] - closeBrowser(): Browser is closed

26-01-2024T03:36:51 - [MESSAGE][PASSED] - Browser is closed]]></system-out>
         <system-err><![CDATA[]]></system-err>
      </testcase>
      <system-out><![CDATA[26-01-2024T03:36:07 - [TEST_SUITE][PASSED] - Amazon_TestSuite_ValidateSearchFieldItem_002: Test Cases/Amazon/TC_Amazon_ValidateSearchFieldItem_002]]></system-out>
      <system-err><![CDATA[]]></system-err>
   </testsuite>
</testsuites>
